<?xml version="1.0" encoding="UTF-8"?>
<!-- Generated by org.testng.reporters.JUnitReportReporter -->
<testsuite hostname="LAPTOP-3J98GVID" failures="0" tests="4" name="com.example.onlineApiTest.TestNg" time="2.071" errors="1" timestamp="2022-05-26T15:18:43 IST" skipped="1">
  <testcase classname="com.example.onlineApiTest.TestNg" name="addEmployee" time="0.747"/>
  <system-out/>
  <testcase classname="com.example.onlineApiTest.TestNg" name="updateEmployee" time="0.674"/>
  <system-out/>
  <testcase classname="com.example.onlineApiTest.TestNg" name="getEmployee" time="0.650">
    <error message="429 Too Many Requests: &quot;&lt;!DOCTYPE html&gt;&lt;EOL&gt;&lt;html lang=&quot;en&quot;&gt;&lt;EOL&gt;    &lt;head&gt;&lt;EOL&gt;        &lt;meta charset=&quot;utf-8&quot;&gt;&lt;EOL&gt;        &lt;meta name=&quot;viewport&quot; content=&quot;width=device-width, initial-scale=1&quot;&gt;&lt;EOL&gt;&lt;EOL&gt;        &lt;title&gt;Too Many Requests&lt;/title&gt;&lt;EOL&gt;&lt;EOL&gt;        &lt;!-- Fonts --&gt;&lt;EOL&gt;        &lt;link rel=&quot;dns-prefetch&quot; href=&quot;//fonts.gstatic.com&quot;&gt;&lt;EOL&gt;        &lt;link href=&quot;https://fonts.googleapis.com/css?family=Nunito&quot; rel=&quot;stylesheet&quot;&gt;&lt;EOL&gt;&lt;EOL&gt;        &lt;!-- Styles --&gt;&lt;EOL&gt;        &lt;style&gt;&lt;EOL&gt;            html, body {&lt;EOL&gt;                background-color: #fff;&lt;EOL&gt;                color: #636b6f;&lt;EOL&gt;                font-family: &#039;Nunito&#039;, sans-serif;&lt;EOL&gt;                font-weight: 100;&lt;EOL&gt;                height: 100vh;&lt;EOL&gt;                margin: 0;&lt;EOL&gt;            }&lt;EOL&gt;&lt;EOL&gt;            .full-height {&lt;EOL&gt;                height: 100vh;&lt;EOL&gt;            }&lt;EOL&gt;&lt;EOL&gt;            .flex-center {&lt;EOL&gt;                align-items: center;&lt;EOL&gt;                display: flex;&lt;EOL&gt;                justify-content: center;&lt;EOL&gt;            }&lt;EOL&gt;&lt;EOL&gt;            .position-ref {&lt;EOL&gt;                position: relative;&lt;EOL&gt;            }&lt;EOL&gt;&lt;EOL&gt;            .code {&lt;EOL&gt;                border-right: 2px solid;&lt;EOL&gt;                font-size: 26px;&lt;EOL&gt;                padding: 0 15px 0 15px;&lt;EOL&gt;                text-align: center;&lt;EOL&gt;            }&lt;EOL&gt;&lt;EOL&gt;            .message {&lt;EOL&gt;                font-size: 18px;&lt;EOL&gt;                text-align: center;&lt;EOL&gt;            }&lt;EOL&gt;        &lt;/style&gt;&lt;EOL&gt;    &lt;/head&gt;&lt;EOL&gt;    &lt;body&gt;&lt;EOL&gt;        &lt;div class=&quot;flex-center position-ref full-height&quot;&gt;&lt;EOL&gt;            &lt;div class=&quot;code&quot;&gt;&lt;EOL&gt;                429            &lt;/div&gt;&lt;EOL&gt;&lt;EOL&gt;            &lt;div class=&quot;message&quot; style=&quot;padding: 10px;&quot;&gt;&lt;EOL&gt;                Too Many Requests            &lt;/div&gt;&lt;EOL&gt;        &lt;/div&gt;&lt;EOL&gt;    &lt;/body&gt;&lt;EOL&gt;&lt;/html&gt;&lt;EOL&gt;&quot;" type="org.springframework.web.client.HttpClientErrorException$TooManyRequests">
      <![CDATA[org.springframework.web.client.HttpClientErrorException$TooManyRequests: 429 Too Many Requests: "<!DOCTYPE html><EOL><html lang="en"><EOL>    <head><EOL>        <meta charset="utf-8"><EOL>        <meta name="viewport" content="width=device-width, initial-scale=1"><EOL><EOL>        <title>Too Many Requests</title><EOL><EOL>        <!-- Fonts --><EOL>        <link rel="dns-prefetch" href="//fonts.gstatic.com"><EOL>        <link href="https://fonts.googleapis.com/css?family=Nunito" rel="stylesheet"><EOL><EOL>        <!-- Styles --><EOL>        <style><EOL>            html, body {<EOL>                background-color: #fff;<EOL>                color: #636b6f;<EOL>                font-family: 'Nunito', sans-serif;<EOL>                font-weight: 100;<EOL>                height: 100vh;<EOL>                margin: 0;<EOL>            }<EOL><EOL>            .full-height {<EOL>                height: 100vh;<EOL>            }<EOL><EOL>            .flex-center {<EOL>                align-items: center;<EOL>                display: flex;<EOL>                justify-content: center;<EOL>            }<EOL><EOL>            .position-ref {<EOL>                position: relative;<EOL>            }<EOL><EOL>            .code {<EOL>                border-right: 2px solid;<EOL>                font-size: 26px;<EOL>                padding: 0 15px 0 15px;<EOL>                text-align: center;<EOL>            }<EOL><EOL>            .message {<EOL>                font-size: 18px;<EOL>                text-align: center;<EOL>            }<EOL>        </style><EOL>    </head><EOL>    <body><EOL>        <div class="flex-center position-ref full-height"><EOL>            <div class="code"><EOL>                429            </div><EOL><EOL>            <div class="message" style="padding: 10px;"><EOL>                Too Many Requests            </div><EOL>        </div><EOL>    </body><EOL></html><EOL>"
at org.springframework.web.client.HttpClientErrorException.create(HttpClientErrorException.java:137)
at org.springframework.web.client.DefaultResponseErrorHandler.handleError(DefaultResponseErrorHandler.java:168)
at org.springframework.web.client.DefaultResponseErrorHandler.handleError(DefaultResponseErrorHandler.java:122)
at org.springframework.web.client.ResponseErrorHandler.handleError(ResponseErrorHandler.java:63)
at org.springframework.web.client.RestTemplate.handleResponse(RestTemplate.java:819)
at org.springframework.web.client.RestTemplate.doExecute(RestTemplate.java:777)
at org.springframework.web.client.RestTemplate.execute(RestTemplate.java:711)
at org.springframework.web.client.RestTemplate.getForEntity(RestTemplate.java:361)
at com.example.onlineApiTest.TestNg.getEmployee(TestNg.java:136)
at java.base/jdk.internal.reflect.NativeMethodAccessorImpl.invoke0(Native Method)
at java.base/jdk.internal.reflect.NativeMethodAccessorImpl.invoke(NativeMethodAccessorImpl.java:77)
at java.base/jdk.internal.reflect.DelegatingMethodAccessorImpl.invoke(DelegatingMethodAccessorImpl.java:43)
at java.base/java.lang.reflect.Method.invoke(Method.java:568)
at org.testng.internal.MethodInvocationHelper.invokeMethod(MethodInvocationHelper.java:133)
at org.testng.internal.TestInvoker.invokeMethod(TestInvoker.java:598)
at org.testng.internal.TestInvoker.invokeTestMethod(TestInvoker.java:173)
at org.testng.internal.MethodRunner.runInSequence(MethodRunner.java:46)
at org.testng.internal.TestInvoker$MethodInvocationAgent.invoke(TestInvoker.java:824)
at org.testng.internal.TestInvoker.invokeTestMethods(TestInvoker.java:146)
at org.testng.internal.TestMethodWorker.invokeTestMethods(TestMethodWorker.java:146)
at org.testng.internal.TestMethodWorker.run(TestMethodWorker.java:128)
at java.base/java.util.ArrayList.forEach(ArrayList.java:1511)
at org.testng.TestRunner.privateRun(TestRunner.java:794)
at org.testng.TestRunner.run(TestRunner.java:596)
at org.testng.SuiteRunner.runTest(SuiteRunner.java:377)
at org.testng.SuiteRunner.runSequentially(SuiteRunner.java:371)
at org.testng.SuiteRunner.privateRun(SuiteRunner.java:332)
at org.testng.SuiteRunner.run(SuiteRunner.java:276)
at org.testng.SuiteRunnerWorker.runSuite(SuiteRunnerWorker.java:53)
at org.testng.SuiteRunnerWorker.run(SuiteRunnerWorker.java:96)
at org.testng.TestNG.runSuitesSequentially(TestNG.java:1212)
at org.testng.TestNG.runSuitesLocally(TestNG.java:1134)
at org.testng.TestNG.runSuites(TestNG.java:1063)
at org.testng.TestNG.run(TestNG.java:1031)
at org.testng.remote.AbstractRemoteTestNG.run(AbstractRemoteTestNG.java:115)
at org.testng.remote.RemoteTestNG.initAndRun(RemoteTestNG.java:251)
at org.testng.remote.RemoteTestNG.main(RemoteTestNG.java:77)
]]>
    </error>
  </testcase> <!-- getEmployee -->
  <system-out/>
  <testcase classname="com.example.onlineApiTest.TestNg" name="deleteEmployee" time="0.000">
    <skipped/>
  </testcase> <!-- deleteEmployee -->
  <system-out/>
</testsuite> <!-- com.example.onlineApiTest.TestNg -->
