<?xml version="1.0" encoding="UTF-8"?>
<!-- Generated by org.testng.reporters.JUnitReportReporter -->
<testsuite hostname="LAPTOP-3J98GVID" failures="0" tests="3" name="com.example.onlineApiTest.CrudOnlineApi" time="1.469" errors="0" timestamp="2022-05-31T16:10:28 IST" skipped="0">
  <testcase classname="com.example.onlineApiTest.CrudOnlineApi" name="updateValues" time="0.258"/>
  <system-out/>
  <testcase classname="com.example.onlineApiTest.CrudOnlineApi" name="addValues" time="0.958"/>
  <system-out/>
  <testcase classname="com.example.onlineApiTest.CrudOnlineApi" name="getValues" time="0.253"/>
  <system-out/>
</testsuite> <!-- com.example.onlineApiTest.CrudOnlineApi -->
