<?xml version="1.0" encoding="UTF-8"?>
<!-- Generated by org.testng.reporters.JUnitReportReporter -->
<testsuite hostname="LAPTOP-3J98GVID" failures="0" tests="1" name="com.example.java.mockito.TestWithMockito" time="0.495" errors="0" timestamp="2022-05-23T16:34:17 IST" skipped="0">
  <testcase classname="com.example.java.mockito.TestWithMockito" name="testQuery" time="0.495"/>
  <system-out/>
</testsuite> <!-- com.example.java.mockito.TestWithMockito -->
