<?xml version="1.0" encoding="UTF-8"?>
<!-- Generated by org.testng.reporters.JUnitReportReporter -->
<testsuite hostname="LAPTOP-3J98GVID" failures="0" tests="1" name="com.example.demo.PocJnuitApplicationTests" time="0.000" errors="0" timestamp="2022-05-27T10:45:43 IST" skipped="0">
  <testcase classname="com.example.demo.PocJnuitApplicationTests" name="contextLoads" time="0.000"/>
  <system-out/>
</testsuite> <!-- com.example.demo.PocJnuitApplicationTests -->
