<?xml version="1.0" encoding="UTF-8"?>
<!-- Generated by org.testng.reporters.JUnitReportReporter -->
<testsuite hostname="LAPTOP-3J98GVID" failures="0" tests="1" name="com.example.embeddedmongo.MongoDbIntergration" time="0.186" errors="0" timestamp="2022-06-06T10:47:37 IST" skipped="0">
  <testcase classname="com.example.embeddedmongo.MongoDbIntergration" name="test" time="0.186"/>
  <system-out/>
</testsuite> <!-- com.example.embeddedmongo.MongoDbIntergration -->
