<?xml version="1.0" encoding="UTF-8"?>
<!-- Generated by org.testng.reporters.JUnitReportReporter -->
<testsuite hostname="LAPTOP-3J98GVID" failures="0" tests="2" name="com.example.dataprovider.Dataprovider" time="0.005" errors="0" timestamp="2022-05-27T10:45:43 IST" skipped="0">
  <testcase classname="com.example.dataprovider.Dataprovider" name="verifyData1" time="0.004"/>
  <system-out/>
  <testcase classname="com.example.dataprovider.Dataprovider" name="verifyData1" time="0.001"/>
  <system-out/>
</testsuite> <!-- com.example.dataprovider.Dataprovider -->
