<?xml version="1.0" encoding="UTF-8"?>
<!-- Generated by org.testng.reporters.JUnitReportReporter -->
<testsuite hostname="LAPTOP-3J98GVID" failures="0" tests="1" name="com.example.java.mockito.TestNgNnumbers" time="0.004" errors="0" timestamp="2022-05-27T10:45:43 IST" skipped="0">
  <testcase classname="com.example.java.mockito.TestNgNnumbers" name="TestNg" time="0.004"/>
  <system-out/>
</testsuite> <!-- com.example.java.mockito.TestNgNnumbers -->
